2023-10-13T08:18:02.085007+00:00 INFO 'ansible_navigator.setup_logger' New ansible-navigator instance, logging initialized
2023-10-13T08:18:02.085365+00:00 INFO 'ansible_navigator.setup_logger' New ansible-runner instance, logging initialized
2023-10-13T08:18:02.085446+00:00 DEBUG 'ansible_navigator.main' Babel==2.9.1 
2023-10-13T08:18:02.085512+00:00 DEBUG 'ansible_navigator.main' ConfigArgParse==1.5.3 
2023-10-13T08:18:02.085574+00:00 DEBUG 'ansible_navigator.main' Jinja2==3.1.2 
2023-10-13T08:18:02.085634+00:00 DEBUG 'ansible_navigator.main' MarkupSafe==2.1.0 
2023-10-13T08:18:02.085693+00:00 DEBUG 'ansible_navigator.main' Parsley==1.3 
2023-10-13T08:18:02.085752+00:00 DEBUG 'ansible_navigator.main' PySocks==1.7.1 
2023-10-13T08:18:02.085811+00:00 DEBUG 'ansible_navigator.main' PyYAML==5.4.1 
2023-10-13T08:18:02.085869+00:00 DEBUG 'ansible_navigator.main' Pygments==2.16.1 
2023-10-13T08:18:02.085964+00:00 DEBUG 'ansible_navigator.main' acme==2.6.0 /usr/lib/python3.9/site-packages/acme/__init__.py
2023-10-13T08:18:02.086027+00:00 DEBUG 'ansible_navigator.main' ansible-builder==3.0.0 
2023-10-13T08:18:02.086085+00:00 DEBUG 'ansible_navigator.main' ansible-compat==4.1.10 
2023-10-13T08:18:02.086141+00:00 DEBUG 'ansible_navigator.main' ansible-core==2.15.0 
2023-10-13T08:18:02.086198+00:00 DEBUG 'ansible_navigator.main' ansible-lint==6.17.0 
2023-10-13T08:18:02.086255+00:00 DEBUG 'ansible_navigator.main' ansible-navigator==3.4.1 
2023-10-13T08:18:02.086313+00:00 DEBUG 'ansible_navigator.main' ansible-runner==2.3.4 
2023-10-13T08:18:02.086370+00:00 DEBUG 'ansible_navigator.main' attrs==23.1.0 /usr/local/lib/python3.9/site-packages/attrs/__init__.py
2023-10-13T08:18:02.086428+00:00 DEBUG 'ansible_navigator.main' awxkit==23.0.0 /usr/local/lib/python3.9/site-packages/awxkit/__init__.py
2023-10-13T08:18:02.086486+00:00 DEBUG 'ansible_navigator.main' bindep==2.11.0 /usr/local/lib/python3.9/site-packages/bindep/__init__.py
2023-10-13T08:18:02.086543+00:00 DEBUG 'ansible_navigator.main' black==23.9.1 /usr/local/lib64/python3.9/site-packages/black/__init__.cpython-39-x86_64-linux-gnu.so
2023-10-13T08:18:02.086601+00:00 DEBUG 'ansible_navigator.main' bracex==2.4 /usr/local/lib/python3.9/site-packages/bracex/__init__.py
2023-10-13T08:18:02.086659+00:00 DEBUG 'ansible_navigator.main' certbot==2.6.0 /usr/lib/python3.9/site-packages/certbot/__init__.py
2023-10-13T08:18:02.086716+00:00 DEBUG 'ansible_navigator.main' certifi==2022.12.7 /usr/lib/python3.9/site-packages/certifi/__init__.py
2023-10-13T08:18:02.086774+00:00 DEBUG 'ansible_navigator.main' cffi==1.15.0 /usr/lib64/python3.9/site-packages/cffi/__init__.py
2023-10-13T08:18:02.086832+00:00 DEBUG 'ansible_navigator.main' chardet==4.0.0 /usr/lib/python3.9/site-packages/chardet/__init__.py
2023-10-13T08:18:02.086906+00:00 DEBUG 'ansible_navigator.main' charset-normalizer==2.0.11 
2023-10-13T08:18:02.086973+00:00 DEBUG 'ansible_navigator.main' click==8.1.3 /usr/lib/python3.9/site-packages/click/__init__.py
2023-10-13T08:18:02.087032+00:00 DEBUG 'ansible_navigator.main' cloud-init==22.1 
2023-10-13T08:18:02.087089+00:00 DEBUG 'ansible_navigator.main' cryptography==38.0.4 /usr/lib64/python3.9/site-packages/cryptography/__init__.py
2023-10-13T08:18:02.087145+00:00 DEBUG 'ansible_navigator.main' dbus-python==1.2.18 
2023-10-13T08:18:02.087203+00:00 DEBUG 'ansible_navigator.main' decorator==4.4.2 /usr/lib/python3.9/site-packages/decorator.py
2023-10-13T08:18:02.087260+00:00 DEBUG 'ansible_navigator.main' distro==1.8.0 /usr/local/lib/python3.9/site-packages/distro/__init__.py
2023-10-13T08:18:02.087317+00:00 DEBUG 'ansible_navigator.main' docutils==0.20.1 /usr/local/lib/python3.9/site-packages/docutils/__init__.py
2023-10-13T08:18:02.087373+00:00 DEBUG 'ansible_navigator.main' ethtool==0.15 /usr/lib64/python3.9/site-packages/ethtool.cpython-39-x86_64-linux-gnu.so
2023-10-13T08:18:02.087429+00:00 DEBUG 'ansible_navigator.main' file-magic==0.4.0 
2023-10-13T08:18:02.087487+00:00 DEBUG 'ansible_navigator.main' filelock==3.12.3 /usr/local/lib/python3.9/site-packages/filelock/__init__.py
2023-10-13T08:18:02.087544+00:00 DEBUG 'ansible_navigator.main' idna==3.3 /usr/lib/python3.9/site-packages/idna/__init__.py
2023-10-13T08:18:02.087611+00:00 DEBUG 'ansible_navigator.main' importlib-metadata==6.2.1 
2023-10-13T08:18:02.087671+00:00 DEBUG 'ansible_navigator.main' importlib-resources==5.0.7 
2023-10-13T08:18:02.087727+00:00 DEBUG 'ansible_navigator.main' iniparse==0.4 /usr/lib/python3.9/site-packages/iniparse/__init__.py
2023-10-13T08:18:02.087784+00:00 DEBUG 'ansible_navigator.main' josepy==1.13.0 /usr/lib/python3.9/site-packages/josepy/__init__.py
2023-10-13T08:18:02.087840+00:00 DEBUG 'ansible_navigator.main' jsonpatch==1.21 /usr/lib/python3.9/site-packages/jsonpatch.py
2023-10-13T08:18:02.087914+00:00 DEBUG 'ansible_navigator.main' jsonpointer==2.0 /usr/lib/python3.9/site-packages/jsonpointer.py
2023-10-13T08:18:02.087979+00:00 DEBUG 'ansible_navigator.main' jsonschema-specifications==2023.7.1 
2023-10-13T08:18:02.088037+00:00 DEBUG 'ansible_navigator.main' jsonschema==4.19.0 /usr/local/lib/python3.9/site-packages/jsonschema/__init__.py
2023-10-13T08:18:02.088094+00:00 DEBUG 'ansible_navigator.main' lockfile==0.12.2 /usr/local/lib/python3.9/site-packages/lockfile/__init__.py
2023-10-13T08:18:02.088151+00:00 DEBUG 'ansible_navigator.main' markdown-it-py==3.0.0 
2023-10-13T08:18:02.088208+00:00 DEBUG 'ansible_navigator.main' mdurl==0.1.2 /usr/local/lib/python3.9/site-packages/mdurl/__init__.py
2023-10-13T08:18:02.088264+00:00 DEBUG 'ansible_navigator.main' mypy-extensions==1.0.0 
2023-10-13T08:18:02.088320+00:00 DEBUG 'ansible_navigator.main' netifaces==0.10.6 /usr/lib64/python3.9/site-packages/netifaces.cpython-39-x86_64-linux-gnu.so
2023-10-13T08:18:02.088377+00:00 DEBUG 'ansible_navigator.main' oauthlib==3.1.1 /usr/lib/python3.9/site-packages/oauthlib/__init__.py
2023-10-13T08:18:02.088434+00:00 DEBUG 'ansible_navigator.main' onigurumacffi==1.2.0 /usr/local/lib64/python3.9/site-packages/onigurumacffi.py
2023-10-13T08:18:02.088490+00:00 DEBUG 'ansible_navigator.main' packaging==23.1 /usr/local/lib/python3.9/site-packages/packaging/__init__.py
2023-10-13T08:18:02.088547+00:00 DEBUG 'ansible_navigator.main' parsedatetime==2.6 /usr/lib/python3.9/site-packages/parsedatetime/__init__.py
2023-10-13T08:18:02.088603+00:00 DEBUG 'ansible_navigator.main' pathspec==0.11.2 /usr/local/lib/python3.9/site-packages/pathspec/__init__.py
2023-10-13T08:18:02.088659+00:00 DEBUG 'ansible_navigator.main' pbr==5.11.1 /usr/local/lib/python3.9/site-packages/pbr/__init__.py
2023-10-13T08:18:02.088716+00:00 DEBUG 'ansible_navigator.main' perf==0.1 /usr/lib64/python3.9/site-packages/perf.cpython-39-x86_64-linux-gnu.so
2023-10-13T08:18:02.088783+00:00 DEBUG 'ansible_navigator.main' pip==21.2.3 /usr/lib/python3.9/site-packages/pip/__init__.py
2023-10-13T08:18:02.088841+00:00 DEBUG 'ansible_navigator.main' platformdirs==3.10.0 /usr/local/lib/python3.9/site-packages/platformdirs/__init__.py
2023-10-13T08:18:02.088915+00:00 DEBUG 'ansible_navigator.main' prettytable==0.7.2 /usr/lib/python3.9/site-packages/prettytable.py
2023-10-13T08:18:02.088980+00:00 DEBUG 'ansible_navigator.main' psycopg2==2.9.3 /usr/lib64/python3.9/site-packages/psycopg2/__init__.py
2023-10-13T08:18:02.089038+00:00 DEBUG 'ansible_navigator.main' pyOpenSSL==21.0.0 
2023-10-13T08:18:02.089095+00:00 DEBUG 'ansible_navigator.main' pyRFC3339==1.1 
2023-10-13T08:18:02.089152+00:00 DEBUG 'ansible_navigator.main' pycparser==2.21 /usr/lib/python3.9/site-packages/pycparser/__init__.py
2023-10-13T08:18:02.089209+00:00 DEBUG 'ansible_navigator.main' pyinotify==0.9.6 /usr/lib/python3.9/site-packages/pyinotify.py
2023-10-13T08:18:02.089266+00:00 DEBUG 'ansible_navigator.main' pyserial==3.4 
2023-10-13T08:18:02.089323+00:00 DEBUG 'ansible_navigator.main' python-daemon==3.0.1 
2023-10-13T08:18:02.089380+00:00 DEBUG 'ansible_navigator.main' python-dateutil==2.8.1 
2023-10-13T08:18:02.089436+00:00 DEBUG 'ansible_navigator.main' python-linux-procfs==0.7.0 
2023-10-13T08:18:02.089493+00:00 DEBUG 'ansible_navigator.main' pytz==2021.3 /usr/lib/python3.9/site-packages/pytz/__init__.py
2023-10-13T08:18:02.089550+00:00 DEBUG 'ansible_navigator.main' pyudev==0.22.0 /usr/lib/python3.9/site-packages/pyudev/__init__.py
2023-10-13T08:18:02.089614+00:00 DEBUG 'ansible_navigator.main' receptorctl==1.4.1 /usr/lib/python3.9/site-packages/receptorctl/__init__.py
2023-10-13T08:18:02.089673+00:00 DEBUG 'ansible_navigator.main' referencing==0.30.2 /usr/local/lib/python3.9/site-packages/referencing/__init__.py
2023-10-13T08:18:02.089731+00:00 DEBUG 'ansible_navigator.main' requests==2.14.2 /usr/local/lib/python3.9/site-packages/requests/__init__.py
2023-10-13T08:18:02.089790+00:00 DEBUG 'ansible_navigator.main' requirements-parser==0.5.0 
2023-10-13T08:18:02.089848+00:00 DEBUG 'ansible_navigator.main' resolvelib==0.5.4 /usr/lib/python3.9/site-packages/resolvelib/__init__.py
2023-10-13T08:18:02.089950+00:00 DEBUG 'ansible_navigator.main' rich==13.5.2 /usr/local/lib/python3.9/site-packages/rich/__init__.py
2023-10-13T08:18:02.090014+00:00 DEBUG 'ansible_navigator.main' rpds-py==0.10.2 
2023-10-13T08:18:02.090072+00:00 DEBUG 'ansible_navigator.main' ruamel.yaml.clib==0.2.7 
2023-10-13T08:18:02.090129+00:00 DEBUG 'ansible_navigator.main' ruamel.yaml==0.17.32 /usr/local/lib/python3.9/site-packages/ruamel/yaml/__init__.py
2023-10-13T08:18:02.090187+00:00 DEBUG 'ansible_navigator.main' selinux==3.5 /usr/lib64/python3.9/site-packages/selinux/__init__.py
2023-10-13T08:18:02.090244+00:00 DEBUG 'ansible_navigator.main' sepolicy==3.5 /usr/lib/python3.9/site-packages/sepolicy/__init__.py
2023-10-13T08:18:02.090302+00:00 DEBUG 'ansible_navigator.main' setools==4.4.1 /usr/lib64/python3.9/site-packages/setools/__init__.py
2023-10-13T08:18:02.090358+00:00 DEBUG 'ansible_navigator.main' setuptools==68.2.1 /usr/local/lib/python3.9/site-packages/setuptools/__init__.py
2023-10-13T08:18:02.090415+00:00 DEBUG 'ansible_navigator.main' six==1.16.0 /usr/lib/python3.9/site-packages/six.py
2023-10-13T08:18:02.090472+00:00 DEBUG 'ansible_navigator.main' sos==4.5.6 /usr/lib/python3.9/site-packages/sos/__init__.py
2023-10-13T08:18:02.090529+00:00 DEBUG 'ansible_navigator.main' subprocess-tee==0.4.1 
2023-10-13T08:18:02.090586+00:00 DEBUG 'ansible_navigator.main' subscription-manager==1.29.33.1 
2023-10-13T08:18:02.090643+00:00 DEBUG 'ansible_navigator.main' supervisor==4.2.4 /usr/lib/python3.9/site-packages/supervisor/__init__.py
2023-10-13T08:18:02.090701+00:00 DEBUG 'ansible_navigator.main' tomli==2.0.1 /usr/local/lib/python3.9/site-packages/tomli/__init__.py
2023-10-13T08:18:02.090758+00:00 DEBUG 'ansible_navigator.main' types-setuptools==68.2.0.0 
2023-10-13T08:18:02.090815+00:00 DEBUG 'ansible_navigator.main' typing_extensions==4.7.1 /usr/local/lib/python3.9/site-packages/typing_extensions.py
2023-10-13T08:18:02.090872+00:00 DEBUG 'ansible_navigator.main' tzdata==2023.3 /usr/local/lib/python3.9/site-packages/tzdata/__init__.py
2023-10-13T08:18:02.090954+00:00 DEBUG 'ansible_navigator.main' urllib3==1.26.8 /usr/lib/python3.9/site-packages/urllib3/__init__.py
2023-10-13T08:18:02.091014+00:00 DEBUG 'ansible_navigator.main' wcmatch==8.5 /usr/local/lib/python3.9/site-packages/wcmatch/__init__.py
2023-10-13T08:18:02.091071+00:00 DEBUG 'ansible_navigator.main' yamllint==1.32.0 /usr/local/lib/python3.9/site-packages/yamllint/__init__.py
2023-10-13T08:18:02.091128+00:00 DEBUG 'ansible_navigator.main' zipp==3.16.2 /usr/local/lib/python3.9/site-packages/zipp/__init__.py
2023-10-13T08:18:02.091186+00:00 DEBUG 'ansible_navigator.main' Default collection_doc_cache_path set to: /home/student/.cache/ansible-navigator/collection_doc_cache.db
2023-10-13T08:18:02.091244+00:00 DEBUG 'ansible_navigator.main' EDITOR environment variable not set
2023-10-13T08:18:02.091301+00:00 DEBUG 'ansible_navigator.main' Default editor_command set to: vi +{line_number} {filename}
2023-10-13T08:18:02.091358+00:00 DEBUG 'ansible_navigator.main' No config file set by ANSIBLE_NAVIGATOR_CONFIG
2023-10-13T08:18:02.091415+00:00 DEBUG 'ansible_navigator.main' Looking in /home/student
2023-10-13T08:18:02.091472+00:00 DEBUG 'ansible_navigator.main' Looking for '/home/student/.ansible-navigator.yml', '/home/student/.ansible-navigator.yaml' and '/home/student/.ansible-navigator.json'
2023-10-13T08:18:02.091535+00:00 DEBUG 'ansible_navigator.main' Found 1: '/home/student/.ansible-navigator.yml'
2023-10-13T08:18:02.091594+00:00 DEBUG 'ansible_navigator.main' Looking in /home/student/network-workshop/Ansi
2023-10-13T08:18:02.091652+00:00 DEBUG 'ansible_navigator.main' Looking for '/home/student/network-workshop/Ansi/ansible-navigator.yml', '/home/student/network-workshop/Ansi/ansible-navigator.yaml' and '/home/student/network-workshop/Ansi/ansible-navigator.json'
2023-10-13T08:18:02.091710+00:00 DEBUG 'ansible_navigator.main' Found 0: 
2023-10-13T08:18:02.091767+00:00 DEBUG 'ansible_navigator.main' All found 1: '/home/student/.ansible-navigator.yml'
2023-10-13T08:18:02.091825+00:00 DEBUG 'ansible_navigator.main' Using: /home/student/.ansible-navigator.yml
2023-10-13T08:18:02.091897+00:00 DEBUG 'ansible_navigator.main' Using settings file at /home/student/.ansible-navigator.yml in search path
2023-10-13T08:18:02.091963+00:00 DEBUG 'ansible_navigator.main' Command provided: 'hosts'
2023-10-13T08:18:02.092022+00:00 DEBUG 'ansible_navigator.main' ansible-navigator.ansible-runner.artifact-dir not found in settings file
2023-10-13T08:18:02.092080+00:00 DEBUG 'ansible_navigator.main' ansible-navigator.ansible-runner.rotate-artifacts-count not found in settings file
2023-10-13T08:18:02.092136+00:00 DEBUG 'ansible_navigator.main' ansible-navigator.ansible-runner.timeout not found in settings file
2023-10-13T08:18:02.092193+00:00 DEBUG 'ansible_navigator.main' ansible-navigator.ansible-runner.job-events not found in settings file
2023-10-13T08:18:02.092250+00:00 DEBUG 'ansible_navigator.main' ansible-navigator.app not found in settings file
2023-10-13T08:18:02.092307+00:00 DEBUG 'ansible_navigator.main' ansible-navigator.ansible.cmdline not found in settings file
2023-10-13T08:18:02.092364+00:00 DEBUG 'ansible_navigator.main' ansible-navigator.collection-doc-cache-path not found in settings file
2023-10-13T08:18:02.092422+00:00 DEBUG 'ansible_navigator.main' ansible-navigator.ansible.config.path not found in settings file
2023-10-13T08:18:02.092479+00:00 DEBUG 'ansible_navigator.main' ansible-navigator.execution-environment.container-options not found in settings file
2023-10-13T08:18:02.092536+00:00 DEBUG 'ansible_navigator.main' ansible-navigator.color.enable not found in settings file
2023-10-13T08:18:02.092593+00:00 DEBUG 'ansible_navigator.main' ansible-navigator.editor.command not found in settings file
2023-10-13T08:18:02.092650+00:00 DEBUG 'ansible_navigator.main' ansible-navigator.editor.console not found in settings file
2023-10-13T08:18:02.092707+00:00 DEBUG 'ansible_navigator.main' ansible-navigator.enable-prompts not found in settings file
2023-10-13T08:18:02.092775+00:00 DEBUG 'ansible_navigator.main' ansible-navigator.exec.command not found in settings file
2023-10-13T08:18:02.092834+00:00 DEBUG 'ansible_navigator.main' ansible-navigator.exec.shell not found in settings file
2023-10-13T08:18:02.092907+00:00 DEBUG 'ansible_navigator.main' ansible-navigator.format not found in settings file
2023-10-13T08:18:02.092973+00:00 DEBUG 'ansible_navigator.main' ansible-navigator.ansible-builder.help not found in settings file
2023-10-13T08:18:02.093032+00:00 DEBUG 'ansible_navigator.main' ansible-navigator.ansible.config.help not found in settings file
2023-10-13T08:18:02.093089+00:00 DEBUG 'ansible_navigator.main' ansible-navigator.ansible.doc.help not found in settings file
2023-10-13T08:18:02.093146+00:00 DEBUG 'ansible_navigator.main' ansible-navigator.ansible.inventory.help not found in settings file
2023-10-13T08:18:02.093204+00:00 DEBUG 'ansible_navigator.main' ansible-navigator.ansible.playbook.help not found in settings file
2023-10-13T08:18:02.093261+00:00 DEBUG 'ansible_navigator.main' ansible-navigator.images.details not found in settings file
2023-10-13T08:18:02.093319+00:00 DEBUG 'ansible_navigator.main' ansible-navigator.inventory-columns not found in settings file
2023-10-13T08:18:02.093376+00:00 DEBUG 'ansible_navigator.main' ansible-navigator.ansible-lint.config not found in settings file
2023-10-13T08:18:02.093440+00:00 DEBUG 'ansible_navigator.main' ansible-navigator.ansible-lint.lintables not found in settings file
2023-10-13T08:18:02.093499+00:00 DEBUG 'ansible_navigator.main' ansible-navigator.logging.append not found in settings file
2023-10-13T08:18:02.093556+00:00 DEBUG 'ansible_navigator.main' ansible-navigator.logging.file not found in settings file
2023-10-13T08:18:02.093614+00:00 DEBUG 'ansible_navigator.main' ansible-navigator.logging.level not found in settings file
2023-10-13T08:18:02.093671+00:00 DEBUG 'ansible_navigator.main' ansible-navigator.mode not found in settings file
2023-10-13T08:18:02.093729+00:00 DEBUG 'ansible_navigator.main' ansible-navigator.color.osc4 not found in settings file
2023-10-13T08:18:02.093786+00:00 DEBUG 'ansible_navigator.main' ansible-navigator.execution-environment.environment-variables.pass not found in settings file
2023-10-13T08:18:02.093843+00:00 DEBUG 'ansible_navigator.main' ansible-navigator.ansible.playbook.path not found in settings file
2023-10-13T08:18:02.093940+00:00 DEBUG 'ansible_navigator.main' ansible-navigator.playbook-artifact.enable not found in settings file
2023-10-13T08:18:02.094024+00:00 DEBUG 'ansible_navigator.main' ansible-navigator.playbook-artifact.replay not found in settings file
2023-10-13T08:18:02.094108+00:00 DEBUG 'ansible_navigator.main' ansible-navigator.playbook-artifact.save-as not found in settings file
2023-10-13T08:18:02.094190+00:00 DEBUG 'ansible_navigator.main' ansible-navigator.ansible.doc.plugin.name not found in settings file
2023-10-13T08:18:02.094272+00:00 DEBUG 'ansible_navigator.main' ansible-navigator.ansible.doc.plugin.type not found in settings file
2023-10-13T08:18:02.094354+00:00 DEBUG 'ansible_navigator.main' ansible-navigator.execution-environment.pull.arguments not found in settings file
2023-10-13T08:18:02.094436+00:00 DEBUG 'ansible_navigator.main' ansible-navigator.execution-environment.environment-variables.set not found in settings file
2023-10-13T08:18:02.094514+00:00 DEBUG 'ansible_navigator.main' ansible-navigator.settings.effective not found in settings file
2023-10-13T08:18:02.094593+00:00 DEBUG 'ansible_navigator.main' ansible-navigator.settings.sample not found in settings file
2023-10-13T08:18:02.094672+00:00 DEBUG 'ansible_navigator.main' ansible-navigator.settings.schema not found in settings file
2023-10-13T08:18:02.094751+00:00 DEBUG 'ansible_navigator.main' ansible-navigator.settings.sources not found in settings file
2023-10-13T08:18:02.094830+00:00 DEBUG 'ansible_navigator.main' ansible-navigator.time-zone not found in settings file
2023-10-13T08:18:02.094933+00:00 DEBUG 'ansible_navigator.main' ansible-navigator.ansible-builder.workdir not found in settings file
2023-10-13T08:18:02.095018+00:00 WARNING 'ansible_navigator.main' Configuration errors encountered, rolling back to previous configuration.
2023-10-13T08:18:02.095098+00:00 DEBUG 'ansible_navigator.main' Prior to rollback: ansible_runner_artifact_dir = 'Not set' (Constants/Not set)
2023-10-13T08:18:02.095176+00:00 DEBUG 'ansible_navigator.main' Prior to rollback: ansible_runner_rotate_artifacts_count = 'Not set' (Constants/Not set)
2023-10-13T08:18:02.095257+00:00 DEBUG 'ansible_navigator.main' Prior to rollback: ansible_runner_timeout = 'Not set' (Constants/Not set)
2023-10-13T08:18:02.095335+00:00 DEBUG 'ansible_navigator.main' Prior to rollback: ansible_runner_write_job_events = 'False' (bool/Defaults)
2023-10-13T08:18:02.095413+00:00 DEBUG 'ansible_navigator.main' Prior to rollback: app = 'welcome' (str/Defaults)
2023-10-13T08:18:02.095492+00:00 DEBUG 'ansible_navigator.main' Prior to rollback: cmdline = '['hosts']' (list/Command line)
2023-10-13T08:18:02.095572+00:00 DEBUG 'ansible_navigator.main' Prior to rollback: collection_doc_cache_path = '/home/student/.cache/ansible-navigator/collection_doc_cache.db' (str/Defaults)
2023-10-13T08:18:02.095651+00:00 DEBUG 'ansible_navigator.main' Prior to rollback: config = 'Not set' (Constants/Not set)
2023-10-13T08:18:02.095736+00:00 DEBUG 'ansible_navigator.main' Prior to rollback: container_engine = 'podman' (str/Settings file)
2023-10-13T08:18:02.095815+00:00 DEBUG 'ansible_navigator.main' Prior to rollback: container_options = 'Not set' (Constants/Not set)
2023-10-13T08:18:02.095913+00:00 DEBUG 'ansible_navigator.main' Prior to rollback: display_color = 'True' (bool/Defaults)
2023-10-13T08:18:02.095996+00:00 DEBUG 'ansible_navigator.main' Prior to rollback: editor_command = 'vi +{line_number} {filename}' (str/Defaults)
2023-10-13T08:18:02.096077+00:00 DEBUG 'ansible_navigator.main' Prior to rollback: editor_console = 'True' (bool/Defaults)
2023-10-13T08:18:02.096155+00:00 DEBUG 'ansible_navigator.main' Prior to rollback: enable_prompts = 'False' (bool/Defaults)
2023-10-13T08:18:02.096234+00:00 DEBUG 'ansible_navigator.main' Prior to rollback: exec_command = '/bin/bash' (str/Defaults)
2023-10-13T08:18:02.096313+00:00 DEBUG 'ansible_navigator.main' Prior to rollback: exec_shell = 'True' (bool/Defaults)
2023-10-13T08:18:02.096392+00:00 DEBUG 'ansible_navigator.main' Prior to rollback: execution_environment = 'True' (bool/Settings file)
2023-10-13T08:18:02.096470+00:00 DEBUG 'ansible_navigator.main' Prior to rollback: execution_environment_image = 'quay.io/acme_corp/network-ee:latest' (str/Settings file)
2023-10-13T08:18:02.096549+00:00 DEBUG 'ansible_navigator.main' Prior to rollback: execution_environment_volume_mounts = '[{'src': '/etc/ansible/', 'dest': '/etc/ansible/'}]' (list/Settings file)
2023-10-13T08:18:02.096628+00:00 DEBUG 'ansible_navigator.main' Prior to rollback: format = 'yaml' (str/Defaults)
2023-10-13T08:18:02.096706+00:00 DEBUG 'ansible_navigator.main' Prior to rollback: help_builder = 'False' (bool/Defaults)
2023-10-13T08:18:02.096796+00:00 DEBUG 'ansible_navigator.main' Prior to rollback: help_config = 'False' (bool/Defaults)
2023-10-13T08:18:02.096894+00:00 DEBUG 'ansible_navigator.main' Prior to rollback: help_doc = 'False' (bool/Defaults)
2023-10-13T08:18:02.096980+00:00 DEBUG 'ansible_navigator.main' Prior to rollback: help_inventory = 'False' (bool/Defaults)
2023-10-13T08:18:02.097061+00:00 DEBUG 'ansible_navigator.main' Prior to rollback: help_playbook = 'False' (bool/Defaults)
2023-10-13T08:18:02.097139+00:00 DEBUG 'ansible_navigator.main' Prior to rollback: images_details = '['everything']' (list/Defaults)
2023-10-13T08:18:02.097217+00:00 DEBUG 'ansible_navigator.main' Prior to rollback: inventory = '['/home/student/lab_inventory/hosts']' (list/Settings file)
2023-10-13T08:18:02.097296+00:00 DEBUG 'ansible_navigator.main' Prior to rollback: inventory_column = 'Not set' (Constants/Not set)
2023-10-13T08:18:02.097374+00:00 DEBUG 'ansible_navigator.main' Prior to rollback: lint_config = 'Not set' (Constants/Not set)
2023-10-13T08:18:02.097452+00:00 DEBUG 'ansible_navigator.main' Prior to rollback: lintables = 'Not set' (Constants/Not set)
2023-10-13T08:18:02.097531+00:00 DEBUG 'ansible_navigator.main' Prior to rollback: log_append = 'True' (bool/Defaults)
2023-10-13T08:18:02.097609+00:00 DEBUG 'ansible_navigator.main' Prior to rollback: log_file = '/home/student/network-workshop/Ansi/ansible-navigator.log' (str/Defaults)
2023-10-13T08:18:02.097688+00:00 DEBUG 'ansible_navigator.main' Prior to rollback: log_level = 'warning' (str/Defaults)
2023-10-13T08:18:02.097766+00:00 DEBUG 'ansible_navigator.main' Prior to rollback: mode = 'interactive' (str/Defaults)
2023-10-13T08:18:02.097844+00:00 DEBUG 'ansible_navigator.main' Prior to rollback: osc4 = 'True' (bool/Defaults)
2023-10-13T08:18:02.097945+00:00 DEBUG 'ansible_navigator.main' Prior to rollback: pass_environment_variable = 'Not set' (Constants/Not set)
2023-10-13T08:18:02.098023+00:00 DEBUG 'ansible_navigator.main' Prior to rollback: playbook = 'Not set' (Constants/Not set)
2023-10-13T08:18:02.098103+00:00 DEBUG 'ansible_navigator.main' Prior to rollback: playbook_artifact_enable = 'True' (bool/Defaults)
2023-10-13T08:18:02.098183+00:00 DEBUG 'ansible_navigator.main' Prior to rollback: playbook_artifact_replay = 'Not set' (Constants/Not set)
2023-10-13T08:18:02.098269+00:00 DEBUG 'ansible_navigator.main' Prior to rollback: playbook_artifact_save_as = '{playbook_dir}/{playbook_name}-artifact-{time_stamp}.json' (str/Defaults)
2023-10-13T08:18:02.098349+00:00 DEBUG 'ansible_navigator.main' Prior to rollback: plugin_name = 'Not set' (Constants/Not set)
2023-10-13T08:18:02.098429+00:00 DEBUG 'ansible_navigator.main' Prior to rollback: plugin_type = 'module' (str/Defaults)
2023-10-13T08:18:02.098509+00:00 DEBUG 'ansible_navigator.main' Prior to rollback: pull_arguments = 'Not set' (Constants/Not set)
2023-10-13T08:18:02.098590+00:00 DEBUG 'ansible_navigator.main' Prior to rollback: pull_policy = 'missing' (str/Settings file)
2023-10-13T08:18:02.098670+00:00 DEBUG 'ansible_navigator.main' Prior to rollback: set_environment_variable = 'Not set' (Constants/Not set)
2023-10-13T08:18:02.098750+00:00 DEBUG 'ansible_navigator.main' Prior to rollback: settings_effective = 'False' (bool/Defaults)
2023-10-13T08:18:02.098830+00:00 DEBUG 'ansible_navigator.main' Prior to rollback: settings_sample = 'False' (bool/Defaults)
2023-10-13T08:18:02.098933+00:00 DEBUG 'ansible_navigator.main' Prior to rollback: settings_schema = 'json' (str/Defaults)
2023-10-13T08:18:02.099016+00:00 DEBUG 'ansible_navigator.main' Prior to rollback: settings_sources = 'False' (bool/Defaults)
2023-10-13T08:18:02.099096+00:00 DEBUG 'ansible_navigator.main' Prior to rollback: time_zone = 'UTC' (str/Defaults)
2023-10-13T08:18:02.099177+00:00 DEBUG 'ansible_navigator.main' Prior to rollback: workdir = '/home/student/network-workshop/Ansi' (str/Defaults)
2023-10-13T08:18:02.099258+00:00 DEBUG 'ansible_navigator.main' After rollback: ansible_runner_artifact_dir = 'Not set' (Constants/Not set)
2023-10-13T08:18:02.099338+00:00 DEBUG 'ansible_navigator.main' After rollback: ansible_runner_rotate_artifacts_count = 'Not set' (Constants/Not set)
2023-10-13T08:18:02.099418+00:00 DEBUG 'ansible_navigator.main' After rollback: ansible_runner_timeout = 'Not set' (Constants/Not set)
2023-10-13T08:18:02.099499+00:00 DEBUG 'ansible_navigator.main' After rollback: ansible_runner_write_job_events = 'Not set' (Constants/Not set)
2023-10-13T08:18:02.099579+00:00 DEBUG 'ansible_navigator.main' After rollback: app = 'Not set' (Constants/Not set)
2023-10-13T08:18:02.099659+00:00 DEBUG 'ansible_navigator.main' After rollback: cmdline = 'Not set' (Constants/Not set)
2023-10-13T08:18:02.099740+00:00 DEBUG 'ansible_navigator.main' After rollback: collection_doc_cache_path = 'Not set' (Constants/Not set)
2023-10-13T08:18:02.099821+00:00 DEBUG 'ansible_navigator.main' After rollback: config = 'Not set' (Constants/Not set)
2023-10-13T08:18:02.099918+00:00 DEBUG 'ansible_navigator.main' After rollback: container_engine = 'Not set' (Constants/Not set)
2023-10-13T08:18:02.100003+00:00 DEBUG 'ansible_navigator.main' After rollback: container_options = 'Not set' (Constants/Not set)
2023-10-13T08:18:02.100083+00:00 DEBUG 'ansible_navigator.main' After rollback: display_color = 'Not set' (Constants/Not set)
2023-10-13T08:18:02.100163+00:00 DEBUG 'ansible_navigator.main' After rollback: editor_command = 'Not set' (Constants/Not set)
2023-10-13T08:18:02.100244+00:00 DEBUG 'ansible_navigator.main' After rollback: editor_console = 'Not set' (Constants/Not set)
2023-10-13T08:18:02.100324+00:00 DEBUG 'ansible_navigator.main' After rollback: enable_prompts = 'Not set' (Constants/Not set)
2023-10-13T08:18:02.100404+00:00 DEBUG 'ansible_navigator.main' After rollback: exec_command = 'Not set' (Constants/Not set)
2023-10-13T08:18:02.100484+00:00 DEBUG 'ansible_navigator.main' After rollback: exec_shell = 'Not set' (Constants/Not set)
2023-10-13T08:18:02.100564+00:00 DEBUG 'ansible_navigator.main' After rollback: execution_environment = 'Not set' (Constants/Not set)
2023-10-13T08:18:02.100644+00:00 DEBUG 'ansible_navigator.main' After rollback: execution_environment_image = 'Not set' (Constants/Not set)
2023-10-13T08:18:02.100724+00:00 DEBUG 'ansible_navigator.main' After rollback: execution_environment_volume_mounts = 'Not set' (Constants/Not set)
2023-10-13T08:18:02.100824+00:00 DEBUG 'ansible_navigator.main' After rollback: format = 'Not set' (Constants/Not set)
2023-10-13T08:18:02.100924+00:00 DEBUG 'ansible_navigator.main' After rollback: help_builder = 'Not set' (Constants/Not set)
2023-10-13T08:18:02.101009+00:00 DEBUG 'ansible_navigator.main' After rollback: help_config = 'Not set' (Constants/Not set)
2023-10-13T08:18:02.101090+00:00 DEBUG 'ansible_navigator.main' After rollback: help_doc = 'Not set' (Constants/Not set)
2023-10-13T08:18:02.101171+00:00 DEBUG 'ansible_navigator.main' After rollback: help_inventory = 'Not set' (Constants/Not set)
2023-10-13T08:18:02.101251+00:00 DEBUG 'ansible_navigator.main' After rollback: help_playbook = 'Not set' (Constants/Not set)
2023-10-13T08:18:02.101331+00:00 DEBUG 'ansible_navigator.main' After rollback: images_details = 'Not set' (Constants/Not set)
2023-10-13T08:18:02.101411+00:00 DEBUG 'ansible_navigator.main' After rollback: inventory = 'Not set' (Constants/Not set)
2023-10-13T08:18:02.101492+00:00 DEBUG 'ansible_navigator.main' After rollback: inventory_column = 'Not set' (Constants/Not set)
2023-10-13T08:18:02.101572+00:00 DEBUG 'ansible_navigator.main' After rollback: lint_config = 'Not set' (Constants/Not set)
2023-10-13T08:18:02.101652+00:00 DEBUG 'ansible_navigator.main' After rollback: lintables = 'Not set' (Constants/Not set)
2023-10-13T08:18:02.101734+00:00 DEBUG 'ansible_navigator.main' After rollback: log_append = 'Not set' (Constants/Not set)
2023-10-13T08:18:02.101814+00:00 DEBUG 'ansible_navigator.main' After rollback: log_file = 'Not set' (Constants/Not set)
2023-10-13T08:18:02.101921+00:00 DEBUG 'ansible_navigator.main' After rollback: log_level = 'Not set' (Constants/Not set)
2023-10-13T08:18:02.102005+00:00 DEBUG 'ansible_navigator.main' After rollback: mode = 'Not set' (Constants/Not set)
2023-10-13T08:18:02.102086+00:00 DEBUG 'ansible_navigator.main' After rollback: osc4 = 'Not set' (Constants/Not set)
2023-10-13T08:18:02.102167+00:00 DEBUG 'ansible_navigator.main' After rollback: pass_environment_variable = 'Not set' (Constants/Not set)
2023-10-13T08:18:02.102247+00:00 DEBUG 'ansible_navigator.main' After rollback: playbook = 'Not set' (Constants/Not set)
2023-10-13T08:18:02.102327+00:00 DEBUG 'ansible_navigator.main' After rollback: playbook_artifact_enable = 'Not set' (Constants/Not set)
2023-10-13T08:18:02.102407+00:00 DEBUG 'ansible_navigator.main' After rollback: playbook_artifact_replay = 'Not set' (Constants/Not set)
2023-10-13T08:18:02.102487+00:00 DEBUG 'ansible_navigator.main' After rollback: playbook_artifact_save_as = 'Not set' (Constants/Not set)
2023-10-13T08:18:02.102566+00:00 DEBUG 'ansible_navigator.main' After rollback: plugin_name = 'Not set' (Constants/Not set)
2023-10-13T08:18:02.102646+00:00 DEBUG 'ansible_navigator.main' After rollback: plugin_type = 'Not set' (Constants/Not set)
2023-10-13T08:18:02.102726+00:00 DEBUG 'ansible_navigator.main' After rollback: pull_arguments = 'Not set' (Constants/Not set)
2023-10-13T08:18:02.102806+00:00 DEBUG 'ansible_navigator.main' After rollback: pull_policy = 'Not set' (Constants/Not set)
2023-10-13T08:18:02.102901+00:00 DEBUG 'ansible_navigator.main' After rollback: set_environment_variable = 'Not set' (Constants/Not set)
2023-10-13T08:18:02.102988+00:00 DEBUG 'ansible_navigator.main' After rollback: settings_effective = 'Not set' (Constants/Not set)
2023-10-13T08:18:02.103069+00:00 DEBUG 'ansible_navigator.main' After rollback: settings_sample = 'Not set' (Constants/Not set)
2023-10-13T08:18:02.103148+00:00 DEBUG 'ansible_navigator.main' After rollback: settings_schema = 'Not set' (Constants/Not set)
2023-10-13T08:18:02.103229+00:00 DEBUG 'ansible_navigator.main' After rollback: settings_sources = 'Not set' (Constants/Not set)
2023-10-13T08:18:02.103309+00:00 DEBUG 'ansible_navigator.main' After rollback: time_zone = 'Not set' (Constants/Not set)
2023-10-13T08:18:02.103389+00:00 DEBUG 'ansible_navigator.main' After rollback: workdir = 'Not set' (Constants/Not set)
2023-10-13T08:18:02.103469+00:00 DEBUG 'ansible_navigator.main' Configuration rollback complete.
2023-10-13T08:18:02.103556+00:00 DEBUG 'ansible_navigator.main' Collection doc cache not mounted
2023-10-13T08:18:02.103654+00:00 WARNING 'ansible_navigator.main' Issues were found while applying the settings.
2023-10-13T08:18:02.103741+00:00 INFO 'ansible_navigator.main' Command provided: 'hosts'
2023-10-13T08:18:02.103833+00:00 ERROR 'ansible_navigator.main' argument {subcommand} --help: invalid choice: 'hosts' (choose from 'builder', 'collections', 'config', 'doc', 'exec', 'images', 'inventory', 'lint', 'replay', 'run', 'settings', 'welcome')
2023-10-13T08:18:02.103943+00:00 INFO 'ansible_navigator.main' Configuration failed, using default log file location. (/home/student/network-workshop/Ansi/ansible-navigator.log) Log level set to debug
2023-10-13T08:18:02.104031+00:00 INFO 'ansible_navigator.main' Review the hints and log file to see what went wrong.
2023-10-13T09:07:50.523561+00:00 CRITICAL 'ansible_navigator.actions.run_playbook._handle_message' Unhandled message from runner queue, discarded: {'event': 'verbose', 'uuid': '9dffaa85-74f9-4676-a6a3-0941f26fdfa3', 'counter': 1, 'stdout': '\x1b[33mWARN\x1b[0m[0000] The cgroupv2 manager is set to systemd but there is no systemd user session available ', 'start_line': 0, 'end_line': 1, 'runner_ident': 'fe77c452-a8f4-4896-9cf3-2936bfcb41e4', 'created': '2023-10-13T09:07:50.514612'}
2023-10-13T09:07:50.524369+00:00 CRITICAL 'ansible_navigator.actions.run_playbook._handle_message' Unhandled message from runner queue, discarded: {'event': 'verbose', 'uuid': '5b2f265e-e65f-4ae4-abcd-dec6c6f3e697', 'counter': 2, 'stdout': '\x1b[33mWARN\x1b[0m[0000] For using systemd, you may need to login using an user session ', 'start_line': 1, 'end_line': 2, 'runner_ident': 'fe77c452-a8f4-4896-9cf3-2936bfcb41e4', 'created': '2023-10-13T09:07:50.514817'}
2023-10-13T09:07:50.524508+00:00 CRITICAL 'ansible_navigator.actions.run_playbook._handle_message' Unhandled message from runner queue, discarded: {'event': 'verbose', 'uuid': 'd136dabc-8080-4e0f-9434-51c0e8f00f2c', 'counter': 3, 'stdout': '\x1b[33mWARN\x1b[0m[0000] Alternatively, you can enable lingering with: `loginctl enable-linger 1001` (possibly as root) ', 'start_line': 2, 'end_line': 3, 'runner_ident': 'fe77c452-a8f4-4896-9cf3-2936bfcb41e4', 'created': '2023-10-13T09:07:50.514940'}
2023-10-13T09:07:50.524620+00:00 CRITICAL 'ansible_navigator.actions.run_playbook._handle_message' Unhandled message from runner queue, discarded: {'event': 'verbose', 'uuid': 'e8a905b2-08a5-41b1-b81d-2d728594d026', 'counter': 4, 'stdout': '\x1b[33mWARN\x1b[0m[0000] Falling back to --cgroup-manager=cgroupfs    ', 'start_line': 3, 'end_line': 4, 'runner_ident': 'fe77c452-a8f4-4896-9cf3-2936bfcb41e4', 'created': '2023-10-13T09:07:50.515034'}
2023-10-13T09:07:50.555105+00:00 CRITICAL 'ansible_navigator.actions.run_playbook._handle_message' Unhandled message from runner queue, discarded: {'event': 'verbose', 'uuid': '4e1e5cd4-01a0-4ac9-bbc6-0b5bb885adc4', 'counter': 5, 'stdout': '\x1b[33mWARN\x1b[0m[0000] The cgroupv2 manager is set to systemd but there is no systemd user session available ', 'start_line': 4, 'end_line': 5, 'runner_ident': 'fe77c452-a8f4-4896-9cf3-2936bfcb41e4', 'created': '2023-10-13T09:07:50.553586'}
2023-10-13T09:07:50.555317+00:00 CRITICAL 'ansible_navigator.actions.run_playbook._handle_message' Unhandled message from runner queue, discarded: {'event': 'verbose', 'uuid': '85a492a4-a1ef-4e57-a7a9-d20fa881a3fd', 'counter': 6, 'stdout': '\x1b[33mWARN\x1b[0m[0000] For using systemd, you may need to login using an user session ', 'start_line': 5, 'end_line': 6, 'runner_ident': 'fe77c452-a8f4-4896-9cf3-2936bfcb41e4', 'created': '2023-10-13T09:07:50.553734'}
2023-10-13T09:07:50.555470+00:00 CRITICAL 'ansible_navigator.actions.run_playbook._handle_message' Unhandled message from runner queue, discarded: {'event': 'verbose', 'uuid': 'd3e08aae-e904-48eb-99e0-2ee35812fd99', 'counter': 7, 'stdout': '\x1b[33mWARN\x1b[0m[0000] Alternatively, you can enable lingering with: `loginctl enable-linger 1001` (possibly as root) ', 'start_line': 6, 'end_line': 7, 'runner_ident': 'fe77c452-a8f4-4896-9cf3-2936bfcb41e4', 'created': '2023-10-13T09:07:50.553830'}
2023-10-13T09:07:50.555626+00:00 CRITICAL 'ansible_navigator.actions.run_playbook._handle_message' Unhandled message from runner queue, discarded: {'event': 'verbose', 'uuid': 'fa49769e-e822-4ff2-ac97-4ac67bd838d8', 'counter': 8, 'stdout': '\x1b[33mWARN\x1b[0m[0000] Falling back to --cgroup-manager=cgroupfs    ', 'start_line': 7, 'end_line': 8, 'runner_ident': 'fe77c452-a8f4-4896-9cf3-2936bfcb41e4', 'created': '2023-10-13T09:07:50.553944'}
2023-10-13T09:07:53.289855+00:00 CRITICAL 'ansible_navigator.actions.run_playbook._handle_message' Unhandled message from runner queue, discarded: {'event': 'verbose', 'uuid': 'e12ad638-9110-4a31-93fa-270c92e8a304', 'counter': 9, 'stdout': '\x1b[1;35m[WARNING]: While constructing a mapping from /home/student/network-\x1b[0m', 'start_line': 8, 'end_line': 9, 'runner_ident': 'fe77c452-a8f4-4896-9cf3-2936bfcb41e4', 'created': '2023-10-13T09:07:53.280370'}
2023-10-13T09:07:53.290179+00:00 CRITICAL 'ansible_navigator.actions.run_playbook._handle_message' Unhandled message from runner queue, discarded: {'event': 'verbose', 'uuid': '9ca55215-3ca5-4c1f-8d38-035cef7e4a4f', 'counter': 10, 'stdout': '\x1b[1;35mworkshop/Ansi/scan_facts.yml, line 10, column 7, found a duplicate dict key\x1b[0m', 'start_line': 9, 'end_line': 10, 'runner_ident': 'fe77c452-a8f4-4896-9cf3-2936bfcb41e4', 'created': '2023-10-13T09:07:53.280817'}
2023-10-13T09:07:53.290340+00:00 CRITICAL 'ansible_navigator.actions.run_playbook._handle_message' Unhandled message from runner queue, discarded: {'event': 'verbose', 'uuid': '3c8a23cd-0dc5-4e46-a949-e17eb2d623c3', 'counter': 11, 'stdout': '\x1b[1;35m(raw). Using last defined value only.\x1b[0m', 'start_line': 10, 'end_line': 11, 'runner_ident': 'fe77c452-a8f4-4896-9cf3-2936bfcb41e4', 'created': '2023-10-13T09:07:53.280970'}
2023-10-13T09:07:53.290670+00:00 CRITICAL 'ansible_navigator.actions.run_playbook._handle_message' Unhandled message from runner queue, discarded: {'event': 'verbose', 'uuid': '2f15dbfa-3f02-44c4-9b9b-dbd8579e0902', 'counter': 12, 'stdout': "\x1b[0;31mERROR! 'sudo' is not a valid attribute for a Play\x1b[0m", 'start_line': 11, 'end_line': 12, 'runner_ident': 'fe77c452-a8f4-4896-9cf3-2936bfcb41e4', 'created': '2023-10-13T09:07:53.281312'}
2023-10-13T09:07:53.291089+00:00 CRITICAL 'ansible_navigator.actions.run_playbook._handle_message' Unhandled message from runner queue, discarded: {'event': 'verbose', 'uuid': '9caf9f1c-7530-42cb-bd89-df750c07e57e', 'counter': 13, 'stdout': '\x1b[0;31m\x1b[0m', 'start_line': 12, 'end_line': 13, 'runner_ident': 'fe77c452-a8f4-4896-9cf3-2936bfcb41e4', 'created': '2023-10-13T09:07:53.281402'}
2023-10-13T09:07:53.291422+00:00 CRITICAL 'ansible_navigator.actions.run_playbook._handle_message' Unhandled message from runner queue, discarded: {'event': 'verbose', 'uuid': '1af9ab05-acbb-416b-b3cc-943a061c8271', 'counter': 14, 'stdout': "\x1b[0;31mThe error appears to be in '/home/student/network-workshop/Ansi/scan_facts.yml': line 3, column 3, but may\x1b[0m", 'start_line': 13, 'end_line': 14, 'runner_ident': 'fe77c452-a8f4-4896-9cf3-2936bfcb41e4', 'created': '2023-10-13T09:07:53.281501'}
2023-10-13T09:07:53.291625+00:00 CRITICAL 'ansible_navigator.actions.run_playbook._handle_message' Unhandled message from runner queue, discarded: {'event': 'verbose', 'uuid': 'cf87b124-32fe-49ee-8542-daa2f6677128', 'counter': 15, 'stdout': '\x1b[0;31mbe elsewhere in the file depending on the exact syntax problem.\x1b[0m', 'start_line': 14, 'end_line': 15, 'runner_ident': 'fe77c452-a8f4-4896-9cf3-2936bfcb41e4', 'created': '2023-10-13T09:07:53.281585'}
2023-10-13T09:07:53.291817+00:00 CRITICAL 'ansible_navigator.actions.run_playbook._handle_message' Unhandled message from runner queue, discarded: {'event': 'verbose', 'uuid': '064af3c0-918a-4785-86de-a40054beb3c0', 'counter': 16, 'stdout': '\x1b[0;31m\x1b[0m', 'start_line': 15, 'end_line': 16, 'runner_ident': 'fe77c452-a8f4-4896-9cf3-2936bfcb41e4', 'created': '2023-10-13T09:07:53.281669'}
2023-10-13T09:07:53.292036+00:00 CRITICAL 'ansible_navigator.actions.run_playbook._handle_message' Unhandled message from runner queue, discarded: {'event': 'verbose', 'uuid': 'b4b3c3ee-bf76-418b-b896-efc2be659753', 'counter': 17, 'stdout': '\x1b[0;31mThe offending line appears to be:\x1b[0m', 'start_line': 16, 'end_line': 17, 'runner_ident': 'fe77c452-a8f4-4896-9cf3-2936bfcb41e4', 'created': '2023-10-13T09:07:53.281750'}
2023-10-13T09:07:53.292187+00:00 CRITICAL 'ansible_navigator.actions.run_playbook._handle_message' Unhandled message from runner queue, discarded: {'event': 'verbose', 'uuid': '9a0b23c4-54aa-44d3-8206-530eb6120062', 'counter': 18, 'stdout': '\x1b[0;31m\x1b[0m', 'start_line': 17, 'end_line': 18, 'runner_ident': 'fe77c452-a8f4-4896-9cf3-2936bfcb41e4', 'created': '2023-10-13T09:07:53.281830'}
2023-10-13T09:07:53.292337+00:00 CRITICAL 'ansible_navigator.actions.run_playbook._handle_message' Unhandled message from runner queue, discarded: {'event': 'verbose', 'uuid': 'c1d5f4b9-4cbb-44c1-b698-ed897d4d53ca', 'counter': 19, 'stdout': '\x1b[0;31m\x1b[0m', 'start_line': 18, 'end_line': 19, 'runner_ident': 'fe77c452-a8f4-4896-9cf3-2936bfcb41e4', 'created': '2023-10-13T09:07:53.282041'}
2023-10-13T09:07:53.292509+00:00 CRITICAL 'ansible_navigator.actions.run_playbook._handle_message' Unhandled message from runner queue, discarded: {'event': 'verbose', 'uuid': 'e63e932b-58df-4a76-af5c-52d12918441e', 'counter': 20, 'stdout': '\x1b[0;31m- name: Get Ubuntu 16, and ready\x1b[0m', 'start_line': 19, 'end_line': 20, 'runner_ident': 'fe77c452-a8f4-4896-9cf3-2936bfcb41e4', 'created': '2023-10-13T09:07:53.282136'}
2023-10-13T09:07:53.292659+00:00 CRITICAL 'ansible_navigator.actions.run_playbook._handle_message' Unhandled message from runner queue, discarded: {'event': 'verbose', 'uuid': '947c0218-37b1-4b0c-9aa2-c01136cbd65a', 'counter': 21, 'stdout': '\x1b[0;31m  ^ here\x1b[0m', 'start_line': 20, 'end_line': 21, 'runner_ident': 'fe77c452-a8f4-4896-9cf3-2936bfcb41e4', 'created': '2023-10-13T09:07:53.282217'}
2023-10-13T09:09:07.644433+00:00 CRITICAL 'ansible_navigator.actions.run_playbook._handle_message' Unhandled message from runner queue, discarded: {'event': 'verbose', 'uuid': 'c944662a-9eea-42e9-87c2-e673e92e7a6f', 'counter': 1, 'stdout': '\x1b[33mWARN\x1b[0m[0000] The cgroupv2 manager is set to systemd but there is no systemd user session available ', 'start_line': 0, 'end_line': 1, 'runner_ident': '5f0f86d5-cec6-4fc9-9d45-def2ed410437', 'created': '2023-10-13T09:09:07.643095'}
2023-10-13T09:09:07.645237+00:00 CRITICAL 'ansible_navigator.actions.run_playbook._handle_message' Unhandled message from runner queue, discarded: {'event': 'verbose', 'uuid': 'e022075c-59ad-492a-bc14-a30c5c9479fc', 'counter': 2, 'stdout': '\x1b[33mWARN\x1b[0m[0000] For using systemd, you may need to login using an user session ', 'start_line': 1, 'end_line': 2, 'runner_ident': '5f0f86d5-cec6-4fc9-9d45-def2ed410437', 'created': '2023-10-13T09:09:07.643337'}
2023-10-13T09:09:07.645760+00:00 CRITICAL 'ansible_navigator.actions.run_playbook._handle_message' Unhandled message from runner queue, discarded: {'event': 'verbose', 'uuid': 'd1777763-5656-4231-add5-00e63a04121e', 'counter': 3, 'stdout': '\x1b[33mWARN\x1b[0m[0000] Alternatively, you can enable lingering with: `loginctl enable-linger 1001` (possibly as root) ', 'start_line': 2, 'end_line': 3, 'runner_ident': '5f0f86d5-cec6-4fc9-9d45-def2ed410437', 'created': '2023-10-13T09:09:07.643459'}
2023-10-13T09:09:07.646173+00:00 CRITICAL 'ansible_navigator.actions.run_playbook._handle_message' Unhandled message from runner queue, discarded: {'event': 'verbose', 'uuid': '1e995355-11d6-45a0-9b45-0f3c077d6525', 'counter': 4, 'stdout': '\x1b[33mWARN\x1b[0m[0000] Falling back to --cgroup-manager=cgroupfs    ', 'start_line': 3, 'end_line': 4, 'runner_ident': '5f0f86d5-cec6-4fc9-9d45-def2ed410437', 'created': '2023-10-13T09:09:07.643571'}
2023-10-13T09:09:07.696933+00:00 CRITICAL 'ansible_navigator.actions.run_playbook._handle_message' Unhandled message from runner queue, discarded: {'event': 'verbose', 'uuid': '4297225b-35db-41f0-9213-d3213b240a1a', 'counter': 5, 'stdout': '\x1b[33mWARN\x1b[0m[0000] The cgroupv2 manager is set to systemd but there is no systemd user session available ', 'start_line': 4, 'end_line': 5, 'runner_ident': '5f0f86d5-cec6-4fc9-9d45-def2ed410437', 'created': '2023-10-13T09:09:07.693756'}
2023-10-13T09:09:07.697344+00:00 CRITICAL 'ansible_navigator.actions.run_playbook._handle_message' Unhandled message from runner queue, discarded: {'event': 'verbose', 'uuid': '99cef3be-7937-485b-a7ff-2f85db563a92', 'counter': 6, 'stdout': '\x1b[33mWARN\x1b[0m[0000] For using systemd, you may need to login using an user session ', 'start_line': 5, 'end_line': 6, 'runner_ident': '5f0f86d5-cec6-4fc9-9d45-def2ed410437', 'created': '2023-10-13T09:09:07.693924'}
2023-10-13T09:09:07.697798+00:00 CRITICAL 'ansible_navigator.actions.run_playbook._handle_message' Unhandled message from runner queue, discarded: {'event': 'verbose', 'uuid': '51504e0b-2379-4ee8-a9e3-a5f60c99b28c', 'counter': 7, 'stdout': '\x1b[33mWARN\x1b[0m[0000] Alternatively, you can enable lingering with: `loginctl enable-linger 1001` (possibly as root) ', 'start_line': 6, 'end_line': 7, 'runner_ident': '5f0f86d5-cec6-4fc9-9d45-def2ed410437', 'created': '2023-10-13T09:09:07.694025'}
2023-10-13T09:09:07.698165+00:00 CRITICAL 'ansible_navigator.actions.run_playbook._handle_message' Unhandled message from runner queue, discarded: {'event': 'verbose', 'uuid': 'd5d70746-0bcd-412d-8b65-93635787648c', 'counter': 8, 'stdout': '\x1b[33mWARN\x1b[0m[0000] Falling back to --cgroup-manager=cgroupfs    ', 'start_line': 7, 'end_line': 8, 'runner_ident': '5f0f86d5-cec6-4fc9-9d45-def2ed410437', 'created': '2023-10-13T09:09:07.694111'}
2023-10-13T09:09:10.404497+00:00 CRITICAL 'ansible_navigator.actions.run_playbook._handle_message' Unhandled message from runner queue, discarded: {'event': 'verbose', 'uuid': 'af57de62-f50c-45a1-aaa6-5eba17b82608', 'counter': 9, 'stdout': '\x1b[1;35m[WARNING]: While constructing a mapping from /home/student/network-\x1b[0m', 'start_line': 8, 'end_line': 9, 'runner_ident': '5f0f86d5-cec6-4fc9-9d45-def2ed410437', 'created': '2023-10-13T09:09:10.397999'}
2023-10-13T09:09:10.404916+00:00 CRITICAL 'ansible_navigator.actions.run_playbook._handle_message' Unhandled message from runner queue, discarded: {'event': 'verbose', 'uuid': 'b09f29d8-dcbe-469f-beed-1ce104228cb8', 'counter': 10, 'stdout': '\x1b[1;35mworkshop/Ansi/scan_facts.yml, line 10, column 9, found a duplicate dict key\x1b[0m', 'start_line': 9, 'end_line': 10, 'runner_ident': '5f0f86d5-cec6-4fc9-9d45-def2ed410437', 'created': '2023-10-13T09:09:10.398155'}
2023-10-13T09:09:10.405100+00:00 CRITICAL 'ansible_navigator.actions.run_playbook._handle_message' Unhandled message from runner queue, discarded: {'event': 'verbose', 'uuid': 'e4701735-3d24-42f8-870e-88e2ef3513da', 'counter': 11, 'stdout': '\x1b[1;35m(raw). Using last defined value only.\x1b[0m', 'start_line': 10, 'end_line': 11, 'runner_ident': '5f0f86d5-cec6-4fc9-9d45-def2ed410437', 'created': '2023-10-13T09:09:10.398251'}
2023-10-13T09:09:10.405262+00:00 CRITICAL 'ansible_navigator.actions.run_playbook._handle_message' Unhandled message from runner queue, discarded: {'event': 'verbose', 'uuid': 'f28c0365-7f7b-409a-9fb9-ced9b719c174', 'counter': 12, 'stdout': "\x1b[0;31mERROR! 'sudo' is not a valid attribute for a Play\x1b[0m", 'start_line': 11, 'end_line': 12, 'runner_ident': '5f0f86d5-cec6-4fc9-9d45-def2ed410437', 'created': '2023-10-13T09:09:10.398582'}
2023-10-13T09:09:10.405428+00:00 CRITICAL 'ansible_navigator.actions.run_playbook._handle_message' Unhandled message from runner queue, discarded: {'event': 'verbose', 'uuid': '4696def3-5971-46f6-a9dc-1141b88392f6', 'counter': 13, 'stdout': '\x1b[0;31m\x1b[0m', 'start_line': 12, 'end_line': 13, 'runner_ident': '5f0f86d5-cec6-4fc9-9d45-def2ed410437', 'created': '2023-10-13T09:09:10.398673'}
2023-10-13T09:09:10.405594+00:00 CRITICAL 'ansible_navigator.actions.run_playbook._handle_message' Unhandled message from runner queue, discarded: {'event': 'verbose', 'uuid': 'd0655732-88ff-49e4-8f6f-ae9446522d34', 'counter': 14, 'stdout': "\x1b[0;31mThe error appears to be in '/home/student/network-workshop/Ansi/scan_facts.yml': line 3, column 5, but may\x1b[0m", 'start_line': 13, 'end_line': 14, 'runner_ident': '5f0f86d5-cec6-4fc9-9d45-def2ed410437', 'created': '2023-10-13T09:09:10.398759'}
2023-10-13T09:09:10.405766+00:00 CRITICAL 'ansible_navigator.actions.run_playbook._handle_message' Unhandled message from runner queue, discarded: {'event': 'verbose', 'uuid': '6985c94d-7f27-40a6-b032-b7ffa2fbe750', 'counter': 15, 'stdout': '\x1b[0;31mbe elsewhere in the file depending on the exact syntax problem.\x1b[0m', 'start_line': 14, 'end_line': 15, 'runner_ident': '5f0f86d5-cec6-4fc9-9d45-def2ed410437', 'created': '2023-10-13T09:09:10.398842'}
2023-10-13T09:09:10.405939+00:00 CRITICAL 'ansible_navigator.actions.run_playbook._handle_message' Unhandled message from runner queue, discarded: {'event': 'verbose', 'uuid': '1d9bfb09-455c-4ff4-a2da-7766981d5382', 'counter': 16, 'stdout': '\x1b[0;31m\x1b[0m', 'start_line': 15, 'end_line': 16, 'runner_ident': '5f0f86d5-cec6-4fc9-9d45-def2ed410437', 'created': '2023-10-13T09:09:10.398966'}
2023-10-13T09:09:10.406101+00:00 CRITICAL 'ansible_navigator.actions.run_playbook._handle_message' Unhandled message from runner queue, discarded: {'event': 'verbose', 'uuid': '1d5e1aab-57e6-4e9a-9045-d95e77fa3d68', 'counter': 17, 'stdout': '\x1b[0;31mThe offending line appears to be:\x1b[0m', 'start_line': 16, 'end_line': 17, 'runner_ident': '5f0f86d5-cec6-4fc9-9d45-def2ed410437', 'created': '2023-10-13T09:09:10.399051'}
2023-10-13T09:09:10.406256+00:00 CRITICAL 'ansible_navigator.actions.run_playbook._handle_message' Unhandled message from runner queue, discarded: {'event': 'verbose', 'uuid': '87d224b5-dff0-4a6b-9bcf-026d61bf85a3', 'counter': 18, 'stdout': '\x1b[0;31m\x1b[0m', 'start_line': 17, 'end_line': 18, 'runner_ident': '5f0f86d5-cec6-4fc9-9d45-def2ed410437', 'created': '2023-10-13T09:09:10.399133'}
2023-10-13T09:09:10.406431+00:00 CRITICAL 'ansible_navigator.actions.run_playbook._handle_message' Unhandled message from runner queue, discarded: {'event': 'verbose', 'uuid': '28e5b28f-d669-4862-b313-67ed3694b929', 'counter': 19, 'stdout': '\x1b[0;31m\x1b[0m', 'start_line': 18, 'end_line': 19, 'runner_ident': '5f0f86d5-cec6-4fc9-9d45-def2ed410437', 'created': '2023-10-13T09:09:10.399212'}
2023-10-13T09:09:10.406713+00:00 CRITICAL 'ansible_navigator.actions.run_playbook._handle_message' Unhandled message from runner queue, discarded: {'event': 'verbose', 'uuid': 'c136b9ac-8e38-4996-a611-aacc56b8f66b', 'counter': 20, 'stdout': '\x1b[0;31m  - name: Get Ubuntu 16, and ready\x1b[0m', 'start_line': 19, 'end_line': 20, 'runner_ident': '5f0f86d5-cec6-4fc9-9d45-def2ed410437', 'created': '2023-10-13T09:09:10.399291'}
2023-10-13T09:09:10.406898+00:00 CRITICAL 'ansible_navigator.actions.run_playbook._handle_message' Unhandled message from runner queue, discarded: {'event': 'verbose', 'uuid': '43251e09-2220-440f-be6d-61a28ca02ace', 'counter': 21, 'stdout': '\x1b[0;31m    ^ here\x1b[0m', 'start_line': 20, 'end_line': 21, 'runner_ident': '5f0f86d5-cec6-4fc9-9d45-def2ed410437', 'created': '2023-10-13T09:09:10.399372'}
2023-10-13T09:13:20.200663+00:00 CRITICAL 'ansible_navigator.actions.run_playbook._handle_message' Unhandled message from runner queue, discarded: {'event': 'verbose', 'uuid': '06a90b97-ad57-4d51-b1ab-dfc88f1b7e26', 'counter': 1, 'stdout': '\x1b[33mWARN\x1b[0m[0000] The cgroupv2 manager is set to systemd but there is no systemd user session available ', 'start_line': 0, 'end_line': 1, 'runner_ident': 'a8e70c0f-01b0-4538-9ce3-7232c9db7d63', 'created': '2023-10-13T09:13:20.192155'}
2023-10-13T09:13:20.201333+00:00 CRITICAL 'ansible_navigator.actions.run_playbook._handle_message' Unhandled message from runner queue, discarded: {'event': 'verbose', 'uuid': 'a0668df8-8204-4a8a-8dc4-57e921690344', 'counter': 2, 'stdout': '\x1b[33mWARN\x1b[0m[0000] For using systemd, you may need to login using an user session ', 'start_line': 1, 'end_line': 2, 'runner_ident': 'a8e70c0f-01b0-4538-9ce3-7232c9db7d63', 'created': '2023-10-13T09:13:20.192353'}
2023-10-13T09:13:20.201551+00:00 CRITICAL 'ansible_navigator.actions.run_playbook._handle_message' Unhandled message from runner queue, discarded: {'event': 'verbose', 'uuid': '2dce0c87-8e7f-4d71-a13e-a7b5042f11b3', 'counter': 3, 'stdout': '\x1b[33mWARN\x1b[0m[0000] Alternatively, you can enable lingering with: `loginctl enable-linger 1001` (possibly as root) ', 'start_line': 2, 'end_line': 3, 'runner_ident': 'a8e70c0f-01b0-4538-9ce3-7232c9db7d63', 'created': '2023-10-13T09:13:20.192452'}
2023-10-13T09:13:20.201951+00:00 CRITICAL 'ansible_navigator.actions.run_playbook._handle_message' Unhandled message from runner queue, discarded: {'event': 'verbose', 'uuid': '36cb4cd0-d6cf-4731-8154-cced47f19291', 'counter': 4, 'stdout': '\x1b[33mWARN\x1b[0m[0000] Falling back to --cgroup-manager=cgroupfs    ', 'start_line': 3, 'end_line': 4, 'runner_ident': 'a8e70c0f-01b0-4538-9ce3-7232c9db7d63', 'created': '2023-10-13T09:13:20.192789'}
2023-10-13T09:13:20.242818+00:00 CRITICAL 'ansible_navigator.actions.run_playbook._handle_message' Unhandled message from runner queue, discarded: {'event': 'verbose', 'uuid': '22bb80af-14df-47f8-92ea-261c2986be2c', 'counter': 5, 'stdout': '\x1b[33mWARN\x1b[0m[0000] The cgroupv2 manager is set to systemd but there is no systemd user session available ', 'start_line': 4, 'end_line': 5, 'runner_ident': 'a8e70c0f-01b0-4538-9ce3-7232c9db7d63', 'created': '2023-10-13T09:13:20.234573'}
2023-10-13T09:13:20.243249+00:00 CRITICAL 'ansible_navigator.actions.run_playbook._handle_message' Unhandled message from runner queue, discarded: {'event': 'verbose', 'uuid': 'ac3d032c-f6b2-414d-bbb9-b30f1e097b19', 'counter': 6, 'stdout': '\x1b[33mWARN\x1b[0m[0000] For using systemd, you may need to login using an user session ', 'start_line': 5, 'end_line': 6, 'runner_ident': 'a8e70c0f-01b0-4538-9ce3-7232c9db7d63', 'created': '2023-10-13T09:13:20.234748'}
2023-10-13T09:13:20.243562+00:00 CRITICAL 'ansible_navigator.actions.run_playbook._handle_message' Unhandled message from runner queue, discarded: {'event': 'verbose', 'uuid': 'e8d2c566-13a9-4a64-b749-40e8d94977b4', 'counter': 7, 'stdout': '\x1b[33mWARN\x1b[0m[0000] Alternatively, you can enable lingering with: `loginctl enable-linger 1001` (possibly as root) ', 'start_line': 6, 'end_line': 7, 'runner_ident': 'a8e70c0f-01b0-4538-9ce3-7232c9db7d63', 'created': '2023-10-13T09:13:20.235136'}
2023-10-13T09:13:20.243867+00:00 CRITICAL 'ansible_navigator.actions.run_playbook._handle_message' Unhandled message from runner queue, discarded: {'event': 'verbose', 'uuid': '7a2a5cc7-1701-4bc3-b409-79969beca0ab', 'counter': 8, 'stdout': '\x1b[33mWARN\x1b[0m[0000] Falling back to --cgroup-manager=cgroupfs    ', 'start_line': 7, 'end_line': 8, 'runner_ident': 'a8e70c0f-01b0-4538-9ce3-7232c9db7d63', 'created': '2023-10-13T09:13:20.235274'}
2023-10-13T09:13:21.017037+00:00 WARNING 'ansible_navigator.run' Dirty exit, killing the pid
2023-10-13T09:13:26.033933+00:00 CRITICAL 'ansible_navigator.actions.run_playbook._handle_message' Unhandled message from runner queue, discarded: {'event': 'verbose', 'uuid': '68d94b06-2ac4-4c8d-9257-b80c65dc0dff', 'counter': 1, 'stdout': '\x1b[33mWARN\x1b[0m[0000] The cgroupv2 manager is set to systemd but there is no systemd user session available ', 'start_line': 0, 'end_line': 1, 'runner_ident': '1cacccc4-e01d-434a-916a-39d52e032883', 'created': '2023-10-13T09:13:26.025609'}
2023-10-13T09:13:26.034606+00:00 CRITICAL 'ansible_navigator.actions.run_playbook._handle_message' Unhandled message from runner queue, discarded: {'event': 'verbose', 'uuid': 'c167d5e7-4b44-470d-8e87-92b3eadd36b4', 'counter': 2, 'stdout': '\x1b[33mWARN\x1b[0m[0000] For using systemd, you may need to login using an user session ', 'start_line': 1, 'end_line': 2, 'runner_ident': '1cacccc4-e01d-434a-916a-39d52e032883', 'created': '2023-10-13T09:13:26.025818'}
2023-10-13T09:13:26.034829+00:00 CRITICAL 'ansible_navigator.actions.run_playbook._handle_message' Unhandled message from runner queue, discarded: {'event': 'verbose', 'uuid': '5f340035-b1cf-4082-b181-b3c890e701bb', 'counter': 3, 'stdout': '\x1b[33mWARN\x1b[0m[0000] Alternatively, you can enable lingering with: `loginctl enable-linger 1001` (possibly as root) ', 'start_line': 2, 'end_line': 3, 'runner_ident': '1cacccc4-e01d-434a-916a-39d52e032883', 'created': '2023-10-13T09:13:26.025946'}
2023-10-13T09:13:26.035030+00:00 CRITICAL 'ansible_navigator.actions.run_playbook._handle_message' Unhandled message from runner queue, discarded: {'event': 'verbose', 'uuid': 'da0c7d12-aca3-48f1-9cb7-7b3a9a12e782', 'counter': 4, 'stdout': '\x1b[33mWARN\x1b[0m[0000] Falling back to --cgroup-manager=cgroupfs    ', 'start_line': 3, 'end_line': 4, 'runner_ident': '1cacccc4-e01d-434a-916a-39d52e032883', 'created': '2023-10-13T09:13:26.026042'}
2023-10-13T09:13:26.075664+00:00 CRITICAL 'ansible_navigator.actions.run_playbook._handle_message' Unhandled message from runner queue, discarded: {'event': 'verbose', 'uuid': '7fef0a6b-939a-4d94-a6fc-1e1ef91bb5f8', 'counter': 5, 'stdout': '\x1b[33mWARN\x1b[0m[0000] The cgroupv2 manager is set to systemd but there is no systemd user session available ', 'start_line': 4, 'end_line': 5, 'runner_ident': '1cacccc4-e01d-434a-916a-39d52e032883', 'created': '2023-10-13T09:13:26.066007'}
2023-10-13T09:13:26.075923+00:00 CRITICAL 'ansible_navigator.actions.run_playbook._handle_message' Unhandled message from runner queue, discarded: {'event': 'verbose', 'uuid': 'aae4d242-1419-4271-9bf4-8667d11d553c', 'counter': 6, 'stdout': '\x1b[33mWARN\x1b[0m[0000] For using systemd, you may need to login using an user session ', 'start_line': 5, 'end_line': 6, 'runner_ident': '1cacccc4-e01d-434a-916a-39d52e032883', 'created': '2023-10-13T09:13:26.066188'}
2023-10-13T09:13:26.076087+00:00 CRITICAL 'ansible_navigator.actions.run_playbook._handle_message' Unhandled message from runner queue, discarded: {'event': 'verbose', 'uuid': '6f967842-46c9-4af6-8688-47412d7bac99', 'counter': 7, 'stdout': '\x1b[33mWARN\x1b[0m[0000] Alternatively, you can enable lingering with: `loginctl enable-linger 1001` (possibly as root) ', 'start_line': 6, 'end_line': 7, 'runner_ident': '1cacccc4-e01d-434a-916a-39d52e032883', 'created': '2023-10-13T09:13:26.066319'}
2023-10-13T09:13:26.076247+00:00 CRITICAL 'ansible_navigator.actions.run_playbook._handle_message' Unhandled message from runner queue, discarded: {'event': 'verbose', 'uuid': '280ff89d-6a51-4a45-814c-38ba85818498', 'counter': 8, 'stdout': '\x1b[33mWARN\x1b[0m[0000] Falling back to --cgroup-manager=cgroupfs    ', 'start_line': 7, 'end_line': 8, 'runner_ident': '1cacccc4-e01d-434a-916a-39d52e032883', 'created': '2023-10-13T09:13:26.066446'}
2023-10-13T09:13:28.775180+00:00 CRITICAL 'ansible_navigator.actions.run_playbook._handle_message' Unhandled message from runner queue, discarded: {'event': 'verbose', 'uuid': '63717fdd-b19d-4521-b16c-6c63157afe23', 'counter': 9, 'stdout': '\x1b[0;31mERROR! We were unable to read either as JSON nor YAML, these are the errors we got from each:\x1b[0m', 'start_line': 8, 'end_line': 9, 'runner_ident': '1cacccc4-e01d-434a-916a-39d52e032883', 'created': '2023-10-13T09:13:28.766510'}
2023-10-13T09:13:28.775720+00:00 CRITICAL 'ansible_navigator.actions.run_playbook._handle_message' Unhandled message from runner queue, discarded: {'event': 'verbose', 'uuid': '75940f70-f0d1-4e66-98c3-4e6ca5844901', 'counter': 10, 'stdout': '\x1b[0;31mJSON: Expecting value: line 1 column 1 (char 0)\x1b[0m', 'start_line': 9, 'end_line': 10, 'runner_ident': '1cacccc4-e01d-434a-916a-39d52e032883', 'created': '2023-10-13T09:13:28.766844'}
2023-10-13T09:13:28.776549+00:00 CRITICAL 'ansible_navigator.actions.run_playbook._handle_message' Unhandled message from runner queue, discarded: {'event': 'verbose', 'uuid': '153357ef-e38e-41e7-93b2-6a33d434d350', 'counter': 11, 'stdout': '\x1b[0;31m\x1b[0m', 'start_line': 10, 'end_line': 11, 'runner_ident': '1cacccc4-e01d-434a-916a-39d52e032883', 'created': '2023-10-13T09:13:28.767214'}
2023-10-13T09:13:28.777406+00:00 CRITICAL 'ansible_navigator.actions.run_playbook._handle_message' Unhandled message from runner queue, discarded: {'event': 'verbose', 'uuid': 'cf768a61-321b-47a9-9ff1-04f6d24d8f88', 'counter': 12, 'stdout': '\x1b[0;31mSyntax Error while loading YAML.\x1b[0m', 'start_line': 11, 'end_line': 12, 'runner_ident': '1cacccc4-e01d-434a-916a-39d52e032883', 'created': '2023-10-13T09:13:28.767474'}
2023-10-13T09:13:28.778240+00:00 CRITICAL 'ansible_navigator.actions.run_playbook._handle_message' Unhandled message from runner queue, discarded: {'event': 'verbose', 'uuid': 'a0e536fb-b160-42ca-9f5f-450723998ab4', 'counter': 13, 'stdout': "\x1b[0;31m  did not find expected '-' indicator\x1b[0m", 'start_line': 12, 'end_line': 13, 'runner_ident': '1cacccc4-e01d-434a-916a-39d52e032883', 'created': '2023-10-13T09:13:28.767728'}
2023-10-13T09:13:28.778823+00:00 CRITICAL 'ansible_navigator.actions.run_playbook._handle_message' Unhandled message from runner queue, discarded: {'event': 'verbose', 'uuid': 'd4f545b8-1503-43b3-9888-6ebeb14a01e0', 'counter': 14, 'stdout': '\x1b[0;31m\x1b[0m', 'start_line': 13, 'end_line': 14, 'runner_ident': '1cacccc4-e01d-434a-916a-39d52e032883', 'created': '2023-10-13T09:13:28.767941'}
2023-10-13T09:13:28.779341+00:00 CRITICAL 'ansible_navigator.actions.run_playbook._handle_message' Unhandled message from runner queue, discarded: {'event': 'verbose', 'uuid': '92d6b246-860a-4148-8bee-6601c7392ec1', 'counter': 15, 'stdout': "\x1b[0;31mThe error appears to be in '/home/student/network-workshop/Ansi/scan_facts1.yml': line 15, column 5, but may\x1b[0m", 'start_line': 14, 'end_line': 15, 'runner_ident': '1cacccc4-e01d-434a-916a-39d52e032883', 'created': '2023-10-13T09:13:28.768154'}
2023-10-13T09:13:28.779780+00:00 CRITICAL 'ansible_navigator.actions.run_playbook._handle_message' Unhandled message from runner queue, discarded: {'event': 'verbose', 'uuid': '34cf64bc-8312-4a29-a5f8-e7da4149c88d', 'counter': 16, 'stdout': '\x1b[0;31mbe elsewhere in the file depending on the exact syntax problem.\x1b[0m', 'start_line': 15, 'end_line': 16, 'runner_ident': '1cacccc4-e01d-434a-916a-39d52e032883', 'created': '2023-10-13T09:13:28.768432'}
2023-10-13T09:13:28.779975+00:00 CRITICAL 'ansible_navigator.actions.run_playbook._handle_message' Unhandled message from runner queue, discarded: {'event': 'verbose', 'uuid': 'a2029a39-04e5-41d4-854a-b6d54d58dabf', 'counter': 17, 'stdout': '\x1b[0;31m\x1b[0m', 'start_line': 16, 'end_line': 17, 'runner_ident': '1cacccc4-e01d-434a-916a-39d52e032883', 'created': '2023-10-13T09:13:28.768665'}
2023-10-13T09:13:28.780114+00:00 CRITICAL 'ansible_navigator.actions.run_playbook._handle_message' Unhandled message from runner queue, discarded: {'event': 'verbose', 'uuid': '3cf31405-1d3f-4e3a-8e42-5e25cb0e691f', 'counter': 18, 'stdout': '\x1b[0;31mThe offending line appears to be:\x1b[0m', 'start_line': 17, 'end_line': 18, 'runner_ident': '1cacccc4-e01d-434a-916a-39d52e032883', 'created': '2023-10-13T09:13:28.768956'}
2023-10-13T09:13:28.780237+00:00 CRITICAL 'ansible_navigator.actions.run_playbook._handle_message' Unhandled message from runner queue, discarded: {'event': 'verbose', 'uuid': 'a69928b3-51c0-4f70-9fcf-1dee798f82eb', 'counter': 19, 'stdout': '\x1b[0;31m\x1b[0m', 'start_line': 18, 'end_line': 19, 'runner_ident': '1cacccc4-e01d-434a-916a-39d52e032883', 'created': '2023-10-13T09:13:28.770000'}
2023-10-13T09:13:28.780430+00:00 CRITICAL 'ansible_navigator.actions.run_playbook._handle_message' Unhandled message from runner queue, discarded: {'event': 'verbose', 'uuid': '33b895e0-e972-4dd7-a3bf-d9c810a43011', 'counter': 20, 'stdout': "\x1b[0;31m      recursive: '{{ scan_use_recursive }}'\x1b[0m", 'start_line': 19, 'end_line': 20, 'runner_ident': '1cacccc4-e01d-434a-916a-39d52e032883', 'created': '2023-10-13T09:13:28.770277'}
2023-10-13T09:13:28.780611+00:00 CRITICAL 'ansible_navigator.actions.run_playbook._handle_message' Unhandled message from runner queue, discarded: {'event': 'verbose', 'uuid': 'c038ef51-4c68-4437-8272-5d640c3e56e6', 'counter': 21, 'stdout': '\x1b[0;31m    when: scan_file_paths is defined\x1b[0m', 'start_line': 20, 'end_line': 21, 'runner_ident': '1cacccc4-e01d-434a-916a-39d52e032883', 'created': '2023-10-13T09:13:28.770392'}
2023-10-13T09:13:28.780857+00:00 CRITICAL 'ansible_navigator.actions.run_playbook._handle_message' Unhandled message from runner queue, discarded: {'event': 'verbose', 'uuid': '2cdbb240-0e6c-42c3-9ef2-2ce94877a6e1', 'counter': 22, 'stdout': '\x1b[0;31m    ^ here\x1b[0m', 'start_line': 21, 'end_line': 22, 'runner_ident': '1cacccc4-e01d-434a-916a-39d52e032883', 'created': '2023-10-13T09:13:28.770507'}
2023-10-13T09:50:34.126450+00:00 CRITICAL 'ansible_navigator.actions.run_playbook._handle_message' Unhandled message from runner queue, discarded: {'event': 'verbose', 'uuid': '99740714-985a-45df-9d8b-d2bbfec93b56', 'counter': 1, 'stdout': '\x1b[33mWARN\x1b[0m[0000] The cgroupv2 manager is set to systemd but there is no systemd user session available ', 'start_line': 0, 'end_line': 1, 'runner_ident': '93787673-822f-4914-bce2-4422db34ee05', 'created': '2023-10-13T09:50:34.117983'}
2023-10-13T09:50:34.127579+00:00 CRITICAL 'ansible_navigator.actions.run_playbook._handle_message' Unhandled message from runner queue, discarded: {'event': 'verbose', 'uuid': '4aa50691-ae5d-4afc-866a-50046ac20bf9', 'counter': 2, 'stdout': '\x1b[33mWARN\x1b[0m[0000] For using systemd, you may need to login using an user session ', 'start_line': 1, 'end_line': 2, 'runner_ident': '93787673-822f-4914-bce2-4422db34ee05', 'created': '2023-10-13T09:50:34.118499'}
2023-10-13T09:50:34.128021+00:00 CRITICAL 'ansible_navigator.actions.run_playbook._handle_message' Unhandled message from runner queue, discarded: {'event': 'verbose', 'uuid': 'a1ee433b-e6d3-4964-b990-885b0b61351e', 'counter': 3, 'stdout': '\x1b[33mWARN\x1b[0m[0000] Alternatively, you can enable lingering with: `loginctl enable-linger 1001` (possibly as root) ', 'start_line': 2, 'end_line': 3, 'runner_ident': '93787673-822f-4914-bce2-4422db34ee05', 'created': '2023-10-13T09:50:34.118643'}
2023-10-13T09:50:34.128380+00:00 CRITICAL 'ansible_navigator.actions.run_playbook._handle_message' Unhandled message from runner queue, discarded: {'event': 'verbose', 'uuid': '9d850cc7-376d-4825-8532-042328de68e0', 'counter': 4, 'stdout': '\x1b[33mWARN\x1b[0m[0000] Falling back to --cgroup-manager=cgroupfs    ', 'start_line': 3, 'end_line': 4, 'runner_ident': '93787673-822f-4914-bce2-4422db34ee05', 'created': '2023-10-13T09:50:34.118757'}
2023-10-13T09:50:34.169813+00:00 CRITICAL 'ansible_navigator.actions.run_playbook._handle_message' Unhandled message from runner queue, discarded: {'event': 'verbose', 'uuid': '1a7ce3f2-392e-40d9-8c32-9e55f0a39a4f', 'counter': 5, 'stdout': '\x1b[33mWARN\x1b[0m[0000] The cgroupv2 manager is set to systemd but there is no systemd user session available ', 'start_line': 4, 'end_line': 5, 'runner_ident': '93787673-822f-4914-bce2-4422db34ee05', 'created': '2023-10-13T09:50:34.161752'}
2023-10-13T09:50:34.170124+00:00 CRITICAL 'ansible_navigator.actions.run_playbook._handle_message' Unhandled message from runner queue, discarded: {'event': 'verbose', 'uuid': 'f17d7717-6068-42cc-85d3-6aa381e260b1', 'counter': 6, 'stdout': '\x1b[33mWARN\x1b[0m[0000] For using systemd, you may need to login using an user session ', 'start_line': 5, 'end_line': 6, 'runner_ident': '93787673-822f-4914-bce2-4422db34ee05', 'created': '2023-10-13T09:50:34.161985'}
2023-10-13T09:50:34.170301+00:00 CRITICAL 'ansible_navigator.actions.run_playbook._handle_message' Unhandled message from runner queue, discarded: {'event': 'verbose', 'uuid': '51b2d173-7c6e-4e07-bae8-bed5f5d828e3', 'counter': 7, 'stdout': '\x1b[33mWARN\x1b[0m[0000] Alternatively, you can enable lingering with: `loginctl enable-linger 1001` (possibly as root) ', 'start_line': 6, 'end_line': 7, 'runner_ident': '93787673-822f-4914-bce2-4422db34ee05', 'created': '2023-10-13T09:50:34.162089'}
2023-10-13T09:50:34.170476+00:00 CRITICAL 'ansible_navigator.actions.run_playbook._handle_message' Unhandled message from runner queue, discarded: {'event': 'verbose', 'uuid': 'e9228178-9db0-4456-80ba-fa11db57a572', 'counter': 8, 'stdout': '\x1b[33mWARN\x1b[0m[0000] Falling back to --cgroup-manager=cgroupfs    ', 'start_line': 7, 'end_line': 8, 'runner_ident': '93787673-822f-4914-bce2-4422db34ee05', 'created': '2023-10-13T09:50:34.162179'}
